c:\users\shube\downloads\school\fall 2023\inf1015\td\td1\td1\x64\debug\vc143.pdb
c:\users\shube\downloads\school\fall 2023\inf1015\td\td1\td1\x64\debug\vc143.idb
c:\users\shube\downloads\school\fall 2023\inf1015\td\td1\td1\x64\debug\devinette.sbr
c:\users\shube\downloads\school\fall 2023\inf1015\td\td1\td1\x64\debug\nbs_premiers.sbr
c:\users\shube\downloads\school\fall 2023\inf1015\td\td1\td1\x64\debug\nbs_premiers.obj
c:\users\shube\downloads\school\fall 2023\inf1015\td\td1\td1\x64\debug\devinette.obj
c:\users\shube\downloads\school\fall 2023\inf1015\td\td1\x64\debug\td1.pdb
c:\users\shube\downloads\school\fall 2023\inf1015\td\td1\td1\x64\debug\td1.tlog\cl.command.1.tlog
c:\users\shube\downloads\school\fall 2023\inf1015\td\td1\td1\x64\debug\td1.tlog\cl.items.tlog
c:\users\shube\downloads\school\fall 2023\inf1015\td\td1\td1\x64\debug\td1.tlog\cl.read.1.tlog
c:\users\shube\downloads\school\fall 2023\inf1015\td\td1\td1\x64\debug\td1.tlog\cl.write.1.tlog
c:\users\shube\downloads\school\fall 2023\inf1015\td\td1\td1\x64\debug\td1.tlog\link-cvtres.read.1.tlog
c:\users\shube\downloads\school\fall 2023\inf1015\td\td1\td1\x64\debug\td1.tlog\link-cvtres.write.1.tlog
c:\users\shube\downloads\school\fall 2023\inf1015\td\td1\td1\x64\debug\td1.tlog\link-rc.read.1.tlog
c:\users\shube\downloads\school\fall 2023\inf1015\td\td1\td1\x64\debug\td1.tlog\link-rc.write.1.tlog
c:\users\shube\downloads\school\fall 2023\inf1015\td\td1\td1\x64\debug\td1.tlog\link.30072-cvtres.read.1.tlog
c:\users\shube\downloads\school\fall 2023\inf1015\td\td1\td1\x64\debug\td1.tlog\link.30072-cvtres.write.1.tlog
c:\users\shube\downloads\school\fall 2023\inf1015\td\td1\td1\x64\debug\td1.tlog\link.30072-rc.read.1.tlog
c:\users\shube\downloads\school\fall 2023\inf1015\td\td1\td1\x64\debug\td1.tlog\link.30072-rc.write.1.tlog
c:\users\shube\downloads\school\fall 2023\inf1015\td\td1\td1\x64\debug\td1.tlog\link.30072.read.1.tlog
c:\users\shube\downloads\school\fall 2023\inf1015\td\td1\td1\x64\debug\td1.tlog\link.30072.read.2.tlog
c:\users\shube\downloads\school\fall 2023\inf1015\td\td1\td1\x64\debug\td1.tlog\link.30072.write.1.tlog
c:\users\shube\downloads\school\fall 2023\inf1015\td\td1\td1\x64\debug\td1.tlog\link.command.1.tlog
c:\users\shube\downloads\school\fall 2023\inf1015\td\td1\td1\x64\debug\td1.tlog\link.read.1.tlog
c:\users\shube\downloads\school\fall 2023\inf1015\td\td1\td1\x64\debug\td1.tlog\link.read.2.tlog
c:\users\shube\downloads\school\fall 2023\inf1015\td\td1\td1\x64\debug\td1.tlog\link.read.3.tlog
c:\users\shube\downloads\school\fall 2023\inf1015\td\td1\td1\x64\debug\td1.tlog\link.write.1.tlog
